Started GET "/" for ::1 at 2023-09-22 12:11:42 +0200
  [1m[35m (0.8ms)[0m  [1m[34mSELECT sqlite_version(*)[0m
Processing by Rails::WelcomeController#index as HTML
  Rendering /home/manuel/.asdf/installs/ruby/2.7.5/lib/ruby/gems/2.7.0/gems/railties-6.0.6.1/lib/rails/templates/rails/welcome/index.html.erb
  Rendered /home/manuel/.asdf/installs/ruby/2.7.5/lib/ruby/gems/2.7.0/gems/railties-6.0.6.1/lib/rails/templates/rails/welcome/index.html.erb (Duration: 3.9ms | Allocations: 403)
Completed 200 OK in 14ms (Views: 5.8ms | ActiveRecord: 0.0ms | Allocations: 3583)


Started GET "/" for ::1 at 2023-09-22 12:16:35 +0200
  [1m[35m (0.2ms)[0m  [1m[34mSELECT sqlite_version(*)[0m
Processing by Rails::WelcomeController#index as HTML
  Rendering /home/manuel/.asdf/installs/ruby/2.7.5/lib/ruby/gems/2.7.0/gems/railties-6.0.6.1/lib/rails/templates/rails/welcome/index.html.erb
  Rendered /home/manuel/.asdf/installs/ruby/2.7.5/lib/ruby/gems/2.7.0/gems/railties-6.0.6.1/lib/rails/templates/rails/welcome/index.html.erb (Duration: 3.3ms | Allocations: 297)
Completed 200 OK in 8ms (Views: 4.2ms | ActiveRecord: 0.0ms | Allocations: 2510)


  [1m[35m (0.2ms)[0m  [1m[34mSELECT sqlite_version(*)[0m
  [1m[35m (3.5ms)[0m  [1m[35mCREATE TABLE "schema_migrations" ("version" varchar NOT NULL PRIMARY KEY)[0m
  [1m[35m (2.0ms)[0m  [1m[35mCREATE TABLE "ar_internal_metadata" ("key" varchar NOT NULL PRIMARY KEY, "value" varchar, "created_at" datetime(6) NOT NULL, "updated_at" datetime(6) NOT NULL)[0m
  [1m[35m (0.1ms)[0m  [1m[34mSELECT "schema_migrations"."version" FROM "schema_migrations" ORDER BY "schema_migrations"."version" ASC[0m
Migrating to CreateCourses (20230922101939)
  [1m[35m (0.0ms)[0m  [1m[36mbegin transaction[0m
  [1m[35m (0.2ms)[0m  [1m[35mCREATE TABLE "courses" ("id" integer PRIMARY KEY AUTOINCREMENT NOT NULL, "title" varchar, "created_at" datetime(6) NOT NULL, "updated_at" datetime(6) NOT NULL)[0m
  [1m[36mActiveRecord::SchemaMigration Create (0.1ms)[0m  [1m[32mINSERT INTO "schema_migrations" ("version") VALUES (?)[0m  [["version", "20230922101939"]]
  [1m[35m (2.1ms)[0m  [1m[36mcommit transaction[0m
  [1m[36mActiveRecord::InternalMetadata Load (0.1ms)[0m  [1m[34mSELECT "ar_internal_metadata".* FROM "ar_internal_metadata" WHERE "ar_internal_metadata"."key" = ? LIMIT ?[0m  [["key", "environment"], ["LIMIT", 1]]
  [1m[35m (0.1ms)[0m  [1m[36mbegin transaction[0m
  [1m[36mActiveRecord::InternalMetadata Create (0.2ms)[0m  [1m[32mINSERT INTO "ar_internal_metadata" ("key", "value", "created_at", "updated_at") VALUES (?, ?, ?, ?)[0m  [["key", "environment"], ["value", "development"], ["created_at", "2023-09-22 10:21:34.908738"], ["updated_at", "2023-09-22 10:21:34.908738"]]
  [1m[35m (1.3ms)[0m  [1m[36mcommit transaction[0m
  [1m[35m (0.0ms)[0m  [1m[34mSELECT sqlite_version(*)[0m
  [1m[35m (0.0ms)[0m  [1m[34mSELECT "schema_migrations"."version" FROM "schema_migrations" ORDER BY "schema_migrations"."version" ASC[0m
Started GET "/categories" for ::1 at 2023-09-22 12:21:41 +0200
  [1m[35m (0.2ms)[0m  [1m[34mSELECT sqlite_version(*)[0m
  [1m[35m (0.1ms)[0m  [1m[34mSELECT "schema_migrations"."version" FROM "schema_migrations" ORDER BY "schema_migrations"."version" ASC[0m
  
ActionController::RoutingError (No route matches [GET] "/categories"):
  
actionpack (6.0.6.1) lib/action_dispatch/middleware/debug_exceptions.rb:36:in `call'
web-console (3.7.0) lib/web_console/middleware.rb:135:in `call_app'
web-console (3.7.0) lib/web_console/middleware.rb:30:in `block in call'
web-console (3.7.0) lib/web_console/middleware.rb:20:in `catch'
web-console (3.7.0) lib/web_console/middleware.rb:20:in `call'
actionpack (6.0.6.1) lib/action_dispatch/middleware/show_exceptions.rb:33:in `call'
railties (6.0.6.1) lib/rails/rack/logger.rb:37:in `call_app'
railties (6.0.6.1) lib/rails/rack/logger.rb:26:in `block in call'
activesupport (6.0.6.1) lib/active_support/tagged_logging.rb:80:in `block in tagged'
activesupport (6.0.6.1) lib/active_support/tagged_logging.rb:28:in `tagged'
activesupport (6.0.6.1) lib/active_support/tagged_logging.rb:80:in `tagged'
railties (6.0.6.1) lib/rails/rack/logger.rb:26:in `call'
sprockets-rails (3.2.2) lib/sprockets/rails/quiet_assets.rb:13:in `call'
actionpack (6.0.6.1) lib/action_dispatch/middleware/remote_ip.rb:81:in `call'
actionpack (6.0.6.1) lib/action_dispatch/middleware/request_id.rb:27:in `call'
rack (2.2.8) lib/rack/method_override.rb:24:in `call'
rack (2.2.8) lib/rack/runtime.rb:22:in `call'
activesupport (6.0.6.1) lib/active_support/cache/strategy/local_cache_middleware.rb:29:in `call'
actionpack (6.0.6.1) lib/action_dispatch/middleware/executor.rb:14:in `call'
actionpack (6.0.6.1) lib/action_dispatch/middleware/static.rb:126:in `call'
rack (2.2.8) lib/rack/sendfile.rb:110:in `call'
actionpack (6.0.6.1) lib/action_dispatch/middleware/host_authorization.rb:103:in `call'
webpacker (4.3.0) lib/webpacker/dev_server_proxy.rb:23:in `perform_request'
rack-proxy (0.7.7) lib/rack/proxy.rb:87:in `call'
railties (6.0.6.1) lib/rails/engine.rb:527:in `call'
puma (4.3.12) lib/puma/configuration.rb:228:in `call'
puma (4.3.12) lib/puma/server.rb:727:in `handle_request'
puma (4.3.12) lib/puma/server.rb:476:in `process_client'
puma (4.3.12) lib/puma/server.rb:332:in `block in run'
puma (4.3.12) lib/puma/thread_pool.rb:134:in `block in spawn_thread'
DEPRECATION WARNING: ActionView::Base instances should be constructed with a lookup context, assignments, and a controller. (called from new at /home/manuel/.asdf/installs/ruby/2.7.5/lib/ruby/gems/2.7.0/gems/web-console-3.7.0/lib/web_console/template.rb:21)
Started GET "/course" for ::1 at 2023-09-22 12:21:42 +0200
  
ActionController::RoutingError (No route matches [GET] "/course"):
  
actionpack (6.0.6.1) lib/action_dispatch/middleware/debug_exceptions.rb:36:in `call'
web-console (3.7.0) lib/web_console/middleware.rb:135:in `call_app'
web-console (3.7.0) lib/web_console/middleware.rb:30:in `block in call'
web-console (3.7.0) lib/web_console/middleware.rb:20:in `catch'
web-console (3.7.0) lib/web_console/middleware.rb:20:in `call'
actionpack (6.0.6.1) lib/action_dispatch/middleware/show_exceptions.rb:33:in `call'
railties (6.0.6.1) lib/rails/rack/logger.rb:37:in `call_app'
railties (6.0.6.1) lib/rails/rack/logger.rb:26:in `block in call'
activesupport (6.0.6.1) lib/active_support/tagged_logging.rb:80:in `block in tagged'
activesupport (6.0.6.1) lib/active_support/tagged_logging.rb:28:in `tagged'
activesupport (6.0.6.1) lib/active_support/tagged_logging.rb:80:in `tagged'
railties (6.0.6.1) lib/rails/rack/logger.rb:26:in `call'
sprockets-rails (3.2.2) lib/sprockets/rails/quiet_assets.rb:13:in `call'
actionpack (6.0.6.1) lib/action_dispatch/middleware/remote_ip.rb:81:in `call'
actionpack (6.0.6.1) lib/action_dispatch/middleware/request_id.rb:27:in `call'
rack (2.2.8) lib/rack/method_override.rb:24:in `call'
rack (2.2.8) lib/rack/runtime.rb:22:in `call'
activesupport (6.0.6.1) lib/active_support/cache/strategy/local_cache_middleware.rb:29:in `call'
actionpack (6.0.6.1) lib/action_dispatch/middleware/executor.rb:14:in `call'
actionpack (6.0.6.1) lib/action_dispatch/middleware/static.rb:126:in `call'
rack (2.2.8) lib/rack/sendfile.rb:110:in `call'
actionpack (6.0.6.1) lib/action_dispatch/middleware/host_authorization.rb:103:in `call'
webpacker (4.3.0) lib/webpacker/dev_server_proxy.rb:23:in `perform_request'
rack-proxy (0.7.7) lib/rack/proxy.rb:87:in `call'
railties (6.0.6.1) lib/rails/engine.rb:527:in `call'
puma (4.3.12) lib/puma/configuration.rb:228:in `call'
puma (4.3.12) lib/puma/server.rb:727:in `handle_request'
puma (4.3.12) lib/puma/server.rb:476:in `process_client'
puma (4.3.12) lib/puma/server.rb:332:in `block in run'
puma (4.3.12) lib/puma/thread_pool.rb:134:in `block in spawn_thread'
DEPRECATION WARNING: ActionView::Base instances should be constructed with a lookup context, assignments, and a controller. (called from new at /home/manuel/.asdf/installs/ruby/2.7.5/lib/ruby/gems/2.7.0/gems/web-console-3.7.0/lib/web_console/template.rb:21)
Started GET "/courses" for ::1 at 2023-09-22 12:21:49 +0200
Processing by CoursesController#index as HTML
  Rendering courses/index.html.erb within layouts/application
  [1m[36mCourse Load (0.2ms)[0m  [1m[34mSELECT "courses".* FROM "courses"[0m
  ↳ app/views/courses/index.html.erb:14
  Rendered courses/index.html.erb within layouts/application (Duration: 2.1ms | Allocations: 1285)
[Webpacker] Compiling...
[Webpacker] Compilation failed:
yarn run v1.22.19
info Visit https://yarnpkg.com/en/docs/cli/run for documentation about this command.


error Command "webpack" not found.

Completed 500 Internal Server Error in 392ms (ActiveRecord: 0.3ms | Allocations: 24622)


  
ActionView::Template::Error (Webpacker can't find application in /home/manuel/Escritorio/CursoBasicoUdemy/Rails/ademy/public/packs/manifest.json. Possible causes:
1. You want to set webpacker.yml value of compile to true for your environment
   unless you are using the `webpack -w` or the webpack-dev-server.
2. webpack has not yet re-run to reflect updates.
3. You have misconfigured Webpacker's config/webpacker.yml file.
4. Your webpack configuration is not creating a manifest.
Your manifest contains:
{
}
):
     6:     <%= csp_meta_tag %>
     7: 
     8:     <%= stylesheet_link_tag 'application', media: 'all', 'data-turbolinks-track': 'reload' %>
     9:     <%= javascript_pack_tag 'application', 'data-turbolinks-track': 'reload' %>
    10:   </head>
    11: 
    12:   <body>
  
app/views/layouts/application.html.erb:9
DEPRECATION WARNING: ActionView::Base instances should be constructed with a lookup context, assignments, and a controller. (called from new at /home/manuel/.asdf/installs/ruby/2.7.5/lib/ruby/gems/2.7.0/gems/web-console-3.7.0/lib/web_console/template.rb:21)
Started GET "/courses" for ::1 at 2023-09-22 12:22:35 +0200
  [1m[35m (0.2ms)[0m  [1m[34mSELECT sqlite_version(*)[0m
  [1m[35m (0.0ms)[0m  [1m[34mSELECT "schema_migrations"."version" FROM "schema_migrations" ORDER BY "schema_migrations"."version" ASC[0m
Processing by CoursesController#index as HTML
  Rendering courses/index.html.erb within layouts/application
  [1m[36mCourse Load (0.1ms)[0m  [1m[34mSELECT "courses".* FROM "courses"[0m
  ↳ app/views/courses/index.html.erb:14
  Rendered courses/index.html.erb within layouts/application (Duration: 1.2ms | Allocations: 1380)
[Webpacker] Compiling...
[Webpacker] Compiled all packs in /home/manuel/Escritorio/CursoBasicoUdemy/Rails/ademy/public/packs
[Webpacker] Though the "loose" option was set to "false" in your @babel/preset-env config, it will not be used for @babel/plugin-transform-private-property-in-object since the "loose" mode option was set to "true" for @babel/plugin-transform-class-properties.
The "loose" option must be the same for @babel/plugin-transform-class-properties, @babel/plugin-transform-private-methods and @babel/plugin-transform-private-property-in-object (when they are enabled): you can silence this warning by explicitly adding
	["@babel/plugin-transform-private-property-in-object", { "loose": true }]
to the "plugins" section of your Babel config.
Though the "loose" option was set to "false" in your @babel/preset-env config, it will not be used for @babel/plugin-transform-private-methods since the "loose" mode option was set to "true" for @babel/plugin-transform-private-property-in-object.
The "loose" option must be the same for @babel/plugin-transform-class-properties, @babel/plugin-transform-private-methods and @babel/plugin-transform-private-property-in-object (when they are enabled): you can silence this warning by explicitly adding
	["@babel/plugin-transform-private-methods", { "loose": true }]
to the "plugins" section of your Babel config.
Though the "loose" option was set to "false" in your @babel/preset-env config, it will not be used for @babel/plugin-transform-private-property-in-object since the "loose" mode option was set to "true" for @babel/plugin-transform-class-properties.
The "loose" option must be the same for @babel/plugin-transform-class-properties, @babel/plugin-transform-private-methods and @babel/plugin-transform-private-property-in-object (when they are enabled): you can silence this warning by explicitly adding
	["@babel/plugin-transform-private-property-in-object", { "loose": true }]
to the "plugins" section of your Babel config.
Though the "loose" option was set to "false" in your @babel/preset-env config, it will not be used for @babel/plugin-transform-private-methods since the "loose" mode option was set to "true" for @babel/plugin-transform-private-property-in-object.
The "loose" option must be the same for @babel/plugin-transform-class-properties, @babel/plugin-transform-private-methods and @babel/plugin-transform-private-property-in-object (when they are enabled): you can silence this warning by explicitly adding
	["@babel/plugin-transform-private-methods", { "loose": true }]
to the "plugins" section of your Babel config.

[Webpacker] Hash: 666b4b17c239d77fe3e2
Version: webpack 4.47.0
Time: 598ms
Built at: 22/09/2023 12:22:36
                                     Asset       Size       Chunks                         Chunk Names
    js/application-82550c4e3b8b39cde23f.js    120 KiB  application  [emitted] [immutable]  application
js/application-82550c4e3b8b39cde23f.js.map    133 KiB  application  [emitted] [dev]        application
                             manifest.json  364 bytes               [emitted]              
Entrypoint application = js/application-82550c4e3b8b39cde23f.js js/application-82550c4e3b8b39cde23f.js.map
[./app/javascript/channels sync recursive _channel\.js$] ./app/javascript/channels sync _channel\.js$ 160 bytes {application} [built]
[./app/javascript/channels/index.js] 211 bytes {application} [built]
[./app/javascript/packs/application.js] 748 bytes {application} [built]
    + 3 hidden modules

Completed 200 OK in 1249ms (Views: 1246.0ms | ActiveRecord: 0.2ms | Allocations: 11181)


Started GET "/courses/new" for ::1 at 2023-09-22 12:22:40 +0200
Processing by CoursesController#new as HTML
  Rendering courses/new.html.erb within layouts/application
  Rendered courses/_form.html.erb (Duration: 4.9ms | Allocations: 4008)
  Rendered courses/new.html.erb within layouts/application (Duration: 5.3ms | Allocations: 4355)
[Webpacker] Everything's up-to-date. Nothing to do
Completed 200 OK in 10ms (Views: 7.3ms | ActiveRecord: 0.3ms | Allocations: 10111)


Started GET "/courses" for ::1 at 2023-09-22 12:22:41 +0200
Processing by CoursesController#index as HTML
  Rendering courses/index.html.erb within layouts/application
  [1m[36mCourse Load (0.1ms)[0m  [1m[34mSELECT "courses".* FROM "courses"[0m
  ↳ app/views/courses/index.html.erb:14
  Rendered courses/index.html.erb within layouts/application (Duration: 0.6ms | Allocations: 660)
[Webpacker] Everything's up-to-date. Nothing to do
Completed 200 OK in 3ms (Views: 2.8ms | ActiveRecord: 0.1ms | Allocations: 4156)


Started GET "/courses" for ::1 at 2023-09-22 12:22:55 +0200
Processing by CoursesController#index as HTML
  Rendering courses/index.html.erb within layouts/application
  [1m[36mCourse Load (0.1ms)[0m  [1m[34mSELECT "courses".* FROM "courses"[0m
  ↳ app/views/courses/index.html.erb:14
  Rendered courses/index.html.erb within layouts/application (Duration: 1.1ms | Allocations: 658)
[Webpacker] Everything's up-to-date. Nothing to do
Completed 200 OK in 7ms (Views: 5.8ms | ActiveRecord: 0.1ms | Allocations: 4155)


Started GET "/courses/new" for ::1 at 2023-09-22 12:23:00 +0200
Processing by CoursesController#new as HTML
  Rendering courses/new.html.erb within layouts/application
  Rendered courses/_form.html.erb (Duration: 0.6ms | Allocations: 619)
  Rendered courses/new.html.erb within layouts/application (Duration: 0.7ms | Allocations: 710)
[Webpacker] Everything's up-to-date. Nothing to do
Completed 200 OK in 3ms (Views: 2.7ms | ActiveRecord: 0.0ms | Allocations: 4186)


Started POST "/courses" for ::1 at 2023-09-22 12:23:10 +0200
Processing by CoursesController#create as HTML
  Parameters: {"authenticity_token"=>"zJNVkT2xxNCefFWfm27p3ty0oiCS/aVdmk4NxaUzrDHToZLcbCY7URcN1Xt6lG2jCwcqc0tG7nuaur8GW+BWuA==", "course"=>{"title"=>"Curso Completo de Ruby"}, "commit"=>"Create Course"}
  [1m[35m (0.0ms)[0m  [1m[36mbegin transaction[0m
  ↳ app/controllers/courses_controller.rb:27:in `block in create'
  [1m[36mCourse Create (0.1ms)[0m  [1m[32mINSERT INTO "courses" ("title", "created_at", "updated_at") VALUES (?, ?, ?)[0m  [["title", "Curso Completo de Ruby"], ["created_at", "2023-09-22 10:23:10.807527"], ["updated_at", "2023-09-22 10:23:10.807527"]]
  ↳ app/controllers/courses_controller.rb:27:in `block in create'
  [1m[35m (19.3ms)[0m  [1m[36mcommit transaction[0m
  ↳ app/controllers/courses_controller.rb:27:in `block in create'
Redirected to http://localhost:3000/courses/1
Completed 302 Found in 23ms (ActiveRecord: 19.5ms | Allocations: 5119)


Started GET "/courses/1" for ::1 at 2023-09-22 12:23:10 +0200
Processing by CoursesController#show as HTML
  Parameters: {"id"=>"1"}
  [1m[36mCourse Load (0.1ms)[0m  [1m[34mSELECT "courses".* FROM "courses" WHERE "courses"."id" = ? LIMIT ?[0m  [["id", 1], ["LIMIT", 1]]
  ↳ app/controllers/courses_controller.rb:63:in `set_course'
  Rendering courses/show.html.erb within layouts/application
  Rendered courses/show.html.erb within layouts/application (Duration: 0.3ms | Allocations: 245)
[Webpacker] Everything's up-to-date. Nothing to do
Completed 200 OK in 4ms (Views: 2.4ms | ActiveRecord: 0.1ms | Allocations: 4839)


Started GET "/courses" for ::1 at 2023-09-22 12:23:16 +0200
Processing by CoursesController#index as HTML
  Rendering courses/index.html.erb within layouts/application
  [1m[36mCourse Load (0.1ms)[0m  [1m[34mSELECT "courses".* FROM "courses"[0m
  ↳ app/views/courses/index.html.erb:14
  Rendered courses/index.html.erb within layouts/application (Duration: 0.8ms | Allocations: 821)
[Webpacker] Everything's up-to-date. Nothing to do
Completed 200 OK in 3ms (Views: 2.9ms | ActiveRecord: 0.1ms | Allocations: 4313)


Started GET "/courses/1" for ::1 at 2023-09-22 12:23:20 +0200
Processing by CoursesController#show as HTML
  Parameters: {"id"=>"1"}
  [1m[36mCourse Load (0.1ms)[0m  [1m[34mSELECT "courses".* FROM "courses" WHERE "courses"."id" = ? LIMIT ?[0m  [["id", 1], ["LIMIT", 1]]
  ↳ app/controllers/courses_controller.rb:63:in `set_course'
  Rendering courses/show.html.erb within layouts/application
  Rendered courses/show.html.erb within layouts/application (Duration: 0.2ms | Allocations: 95)
[Webpacker] Everything's up-to-date. Nothing to do
Completed 200 OK in 4ms (Views: 2.6ms | ActiveRecord: 0.1ms | Allocations: 4108)


Started GET "/courses" for ::1 at 2023-09-22 12:23:20 +0200
Processing by CoursesController#index as HTML
  Rendering courses/index.html.erb within layouts/application
  [1m[36mCourse Load (0.1ms)[0m  [1m[34mSELECT "courses".* FROM "courses"[0m
  ↳ app/views/courses/index.html.erb:14
  Rendered courses/index.html.erb within layouts/application (Duration: 1.2ms | Allocations: 816)
[Webpacker] Everything's up-to-date. Nothing to do
Completed 200 OK in 4ms (Views: 3.2ms | ActiveRecord: 0.1ms | Allocations: 4295)


Started GET "/courses/1/edit" for ::1 at 2023-09-22 12:23:21 +0200
Processing by CoursesController#edit as HTML
  Parameters: {"id"=>"1"}
  [1m[36mCourse Load (0.1ms)[0m  [1m[34mSELECT "courses".* FROM "courses" WHERE "courses"."id" = ? LIMIT ?[0m  [["id", 1], ["LIMIT", 1]]
  ↳ app/controllers/courses_controller.rb:63:in `set_course'
  Rendering courses/edit.html.erb within layouts/application
  Rendered courses/_form.html.erb (Duration: 0.6ms | Allocations: 717)
  Rendered courses/edit.html.erb within layouts/application (Duration: 1.0ms | Allocations: 973)
[Webpacker] Everything's up-to-date. Nothing to do
Completed 200 OK in 4ms (Views: 2.8ms | ActiveRecord: 0.1ms | Allocations: 5134)


Started PATCH "/courses/1" for ::1 at 2023-09-22 12:23:25 +0200
Processing by CoursesController#update as HTML
  Parameters: {"authenticity_token"=>"I2CEsWpMALXUFGf0LLSfx73uxpVgtmKFRwrNgiQWI4Pp43YFzy3mlFVJDGQKW1Dcz0xZUGf2U0Dr5ygLclxqyQ==", "course"=>{"title"=>"Curso Completo de Ruby v2"}, "commit"=>"Update Course", "id"=>"1"}
  [1m[36mCourse Load (0.1ms)[0m  [1m[34mSELECT "courses".* FROM "courses" WHERE "courses"."id" = ? LIMIT ?[0m  [["id", 1], ["LIMIT", 1]]
  ↳ app/controllers/courses_controller.rb:63:in `set_course'
  [1m[35m (0.0ms)[0m  [1m[36mbegin transaction[0m
  ↳ app/controllers/courses_controller.rb:40:in `block in update'
  [1m[36mCourse Update (0.2ms)[0m  [1m[33mUPDATE "courses" SET "title" = ?, "updated_at" = ? WHERE "courses"."id" = ?[0m  [["title", "Curso Completo de Ruby v2"], ["updated_at", "2023-09-22 10:23:25.788315"], ["id", 1]]
  ↳ app/controllers/courses_controller.rb:40:in `block in update'
  [1m[35m (2.6ms)[0m  [1m[36mcommit transaction[0m
  ↳ app/controllers/courses_controller.rb:40:in `block in update'
Redirected to http://localhost:3000/courses/1
Completed 302 Found in 6ms (ActiveRecord: 2.9ms | Allocations: 4045)


Started GET "/courses/1" for ::1 at 2023-09-22 12:23:25 +0200
Processing by CoursesController#show as HTML
  Parameters: {"id"=>"1"}
  [1m[36mCourse Load (0.1ms)[0m  [1m[34mSELECT "courses".* FROM "courses" WHERE "courses"."id" = ? LIMIT ?[0m  [["id", 1], ["LIMIT", 1]]
  ↳ app/controllers/courses_controller.rb:63:in `set_course'
  Rendering courses/show.html.erb within layouts/application
  Rendered courses/show.html.erb within layouts/application (Duration: 0.1ms | Allocations: 100)
[Webpacker] Everything's up-to-date. Nothing to do
Completed 200 OK in 3ms (Views: 2.3ms | ActiveRecord: 0.1ms | Allocations: 4130)


Started GET "/courses" for ::1 at 2023-09-22 12:23:27 +0200
Processing by CoursesController#index as HTML
  Rendering courses/index.html.erb within layouts/application
  [1m[36mCourse Load (0.1ms)[0m  [1m[34mSELECT "courses".* FROM "courses"[0m
  ↳ app/views/courses/index.html.erb:14
  Rendered courses/index.html.erb within layouts/application (Duration: 0.8ms | Allocations: 818)
[Webpacker] Everything's up-to-date. Nothing to do
Completed 200 OK in 3ms (Views: 2.9ms | ActiveRecord: 0.1ms | Allocations: 4317)


Started GET "/courses/new" for ::1 at 2023-09-22 12:23:59 +0200
Processing by CoursesController#new as HTML
  Rendering courses/new.html.erb within layouts/application
  Rendered courses/_form.html.erb (Duration: 0.9ms | Allocations: 619)
  Rendered courses/new.html.erb within layouts/application (Duration: 1.1ms | Allocations: 710)
[Webpacker] Everything's up-to-date. Nothing to do
Completed 200 OK in 8ms (Views: 7.1ms | ActiveRecord: 0.0ms | Allocations: 4597)


Started POST "/courses" for ::1 at 2023-09-22 12:24:07 +0200
Processing by CoursesController#create as HTML
  Parameters: {"authenticity_token"=>"aT02i47g9iQ4yqDBovsrzLcozEg8qkbQbQ4vstwHImR2D/HG33cJpbG7ICVDAa+xYJtEG+URDfZt+p1xItTY7Q==", "course"=>{"title"=>"Curso Completo de Python"}, "commit"=>"Create Course"}
  [1m[35m (0.0ms)[0m  [1m[36mbegin transaction[0m
  ↳ app/controllers/courses_controller.rb:27:in `block in create'
  [1m[36mCourse Create (0.3ms)[0m  [1m[32mINSERT INTO "courses" ("title", "created_at", "updated_at") VALUES (?, ?, ?)[0m  [["title", "Curso Completo de Python"], ["created_at", "2023-09-22 10:24:07.600715"], ["updated_at", "2023-09-22 10:24:07.600715"]]
  ↳ app/controllers/courses_controller.rb:27:in `block in create'
  [1m[35m (2.6ms)[0m  [1m[36mcommit transaction[0m
  ↳ app/controllers/courses_controller.rb:27:in `block in create'
Redirected to http://localhost:3000/courses/2
Completed 302 Found in 6ms (ActiveRecord: 2.9ms | Allocations: 4900)


Started GET "/courses/2" for ::1 at 2023-09-22 12:24:07 +0200
Processing by CoursesController#show as HTML
  Parameters: {"id"=>"2"}
  [1m[36mCourse Load (0.1ms)[0m  [1m[34mSELECT "courses".* FROM "courses" WHERE "courses"."id" = ? LIMIT ?[0m  [["id", 2], ["LIMIT", 1]]
  ↳ app/controllers/courses_controller.rb:63:in `set_course'
  Rendering courses/show.html.erb within layouts/application
  Rendered courses/show.html.erb within layouts/application (Duration: 0.2ms | Allocations: 98)
[Webpacker] Everything's up-to-date. Nothing to do
Completed 200 OK in 3ms (Views: 2.3ms | ActiveRecord: 0.1ms | Allocations: 4123)


Started GET "/courses" for ::1 at 2023-09-22 12:24:08 +0200
Processing by CoursesController#index as HTML
  Rendering courses/index.html.erb within layouts/application
  [1m[36mCourse Load (0.1ms)[0m  [1m[34mSELECT "courses".* FROM "courses"[0m
  ↳ app/views/courses/index.html.erb:14
  Rendered courses/index.html.erb within layouts/application (Duration: 1.0ms | Allocations: 985)
[Webpacker] Everything's up-to-date. Nothing to do
Completed 200 OK in 3ms (Views: 2.9ms | ActiveRecord: 0.1ms | Allocations: 4472)


Started DELETE "/courses/2" for ::1 at 2023-09-22 12:24:13 +0200
Processing by CoursesController#destroy as HTML
  Parameters: {"authenticity_token"=>"rK4dk92/sNaImYuwmRkH7sVLS5D95vd0sDLFk3c/IzIrG0ChEY10PBlpDaKi9fnOf/1MQ5q3UOXSwl8kGKa3SA==", "id"=>"2"}
  [1m[36mCourse Load (0.1ms)[0m  [1m[34mSELECT "courses".* FROM "courses" WHERE "courses"."id" = ? LIMIT ?[0m  [["id", 2], ["LIMIT", 1]]
  ↳ app/controllers/courses_controller.rb:63:in `set_course'
  [1m[35m (0.0ms)[0m  [1m[36mbegin transaction[0m
  ↳ app/controllers/courses_controller.rb:52:in `destroy'
  [1m[36mCourse Destroy (0.1ms)[0m  [1m[31mDELETE FROM "courses" WHERE "courses"."id" = ?[0m  [["id", 2]]
  ↳ app/controllers/courses_controller.rb:52:in `destroy'
  [1m[35m (5.5ms)[0m  [1m[36mcommit transaction[0m
  ↳ app/controllers/courses_controller.rb:52:in `destroy'
Redirected to http://localhost:3000/courses
Completed 302 Found in 9ms (ActiveRecord: 5.7ms | Allocations: 4998)


Started GET "/courses" for ::1 at 2023-09-22 12:24:13 +0200
Processing by CoursesController#index as HTML
  Rendering courses/index.html.erb within layouts/application
  [1m[36mCourse Load (0.0ms)[0m  [1m[34mSELECT "courses".* FROM "courses"[0m
  ↳ app/views/courses/index.html.erb:14
  Rendered courses/index.html.erb within layouts/application (Duration: 0.6ms | Allocations: 819)
[Webpacker] Everything's up-to-date. Nothing to do
Completed 200 OK in 3ms (Views: 2.4ms | ActiveRecord: 0.0ms | Allocations: 4325)


Started GET "/courses" for ::1 at 2023-09-22 12:24:17 +0200
Processing by CoursesController#index as HTML
  Rendering courses/index.html.erb within layouts/application
  [1m[36mCourse Load (0.1ms)[0m  [1m[34mSELECT "courses".* FROM "courses"[0m
  ↳ app/views/courses/index.html.erb:14
  Rendered courses/index.html.erb within layouts/application (Duration: 2.5ms | Allocations: 817)
[Webpacker] Everything's up-to-date. Nothing to do
Completed 200 OK in 8ms (Views: 6.7ms | ActiveRecord: 0.1ms | Allocations: 4304)


Started GET "/courses" for ::1 at 2023-09-22 14:27:38 +0200
  [1m[35m (0.9ms)[0m  [1m[34mSELECT sqlite_version(*)[0m
  [1m[35m (0.1ms)[0m  [1m[34mSELECT "schema_migrations"."version" FROM "schema_migrations" ORDER BY "schema_migrations"."version" ASC[0m
Processing by CoursesController#index as HTML
  Rendering courses/index.html.erb within layouts/application
  [1m[36mCourse Load (0.1ms)[0m  [1m[34mSELECT "courses".* FROM "courses"[0m
  ↳ app/views/courses/index.html.erb:14
  Rendered courses/index.html.erb within layouts/application (Duration: 3.1ms | Allocations: 3734)
[Webpacker] Everything's up-to-date. Nothing to do
Completed 200 OK in 11ms (Views: 7.5ms | ActiveRecord: 0.4ms | Allocations: 12464)


  [1m[35m (0.2ms)[0m  [1m[34mSELECT sqlite_version(*)[0m
  [1m[36mCourse Load (0.1ms)[0m  [1m[34mSELECT "courses".* FROM "courses" LIMIT ?[0m  [["LIMIT", 11]]
  [1m[35m (0.1ms)[0m  [1m[36mbegin transaction[0m
  [1m[36mCourse Create (0.2ms)[0m  [1m[32mINSERT INTO "courses" ("title", "created_at", "updated_at") VALUES (?, ?, ?)[0m  [["title", "Curso de Android"], ["created_at", "2023-09-22 12:32:13.208271"], ["updated_at", "2023-09-22 12:32:13.208271"]]
  [1m[35m (2.8ms)[0m  [1m[36mcommit transaction[0m
  [1m[36mCourse Load (0.2ms)[0m  [1m[34mSELECT "courses".* FROM "courses" LIMIT ?[0m  [["LIMIT", 11]]
  [1m[36mCourse Load (0.5ms)[0m  [1m[34mSELECT "courses".* FROM "courses" WHERE "courses"."id" = ? LIMIT ?[0m  [["id", 1], ["LIMIT", 1]]
  [1m[35m (0.2ms)[0m  [1m[36mbegin transaction[0m
  [1m[36mCourse Update (1.2ms)[0m  [1m[33mUPDATE "courses" SET "title" = ?, "updated_at" = ? WHERE "courses"."id" = ?[0m  [["title", "Curso Completo de Ruby - Desde las bases hasta Rails"], ["updated_at", "2023-09-22 12:32:59.691737"], ["id", 1]]
  [1m[35m (1.7ms)[0m  [1m[36mcommit transaction[0m
  [1m[36mCourse Load (0.2ms)[0m  [1m[34mSELECT "courses".* FROM "courses" LIMIT ?[0m  [["LIMIT", 11]]
Started GET "/courses" for ::1 at 2023-09-22 14:33:16 +0200
  [1m[35m (0.2ms)[0m  [1m[34mSELECT sqlite_version(*)[0m
  [1m[35m (0.1ms)[0m  [1m[34mSELECT "schema_migrations"."version" FROM "schema_migrations" ORDER BY "schema_migrations"."version" ASC[0m
Processing by CoursesController#index as HTML
  Rendering courses/index.html.erb within layouts/application
  [1m[36mCourse Load (0.1ms)[0m  [1m[34mSELECT "courses".* FROM "courses"[0m
  ↳ app/views/courses/index.html.erb:14
  Rendered courses/index.html.erb within layouts/application (Duration: 3.4ms | Allocations: 3901)
[Webpacker] Everything's up-to-date. Nothing to do
Completed 200 OK in 12ms (Views: 7.9ms | ActiveRecord: 0.4ms | Allocations: 12484)


  [1m[35m (0.1ms)[0m  [1m[36mbegin transaction[0m
  [1m[36mCourse Create (0.3ms)[0m  [1m[32mINSERT INTO "courses" ("title", "created_at", "updated_at") VALUES (?, ?, ?)[0m  [["title", "Curso de Python"], ["created_at", "2023-09-22 12:33:53.121801"], ["updated_at", "2023-09-22 12:33:53.121801"]]
  [1m[35m (8.4ms)[0m  [1m[36mcommit transaction[0m
  [1m[36mCourse Load (0.3ms)[0m  [1m[34mSELECT "courses".* FROM "courses" LIMIT ?[0m  [["LIMIT", 11]]
Started GET "/courses" for ::1 at 2023-09-22 14:33:59 +0200
Processing by CoursesController#index as HTML
  Rendering courses/index.html.erb within layouts/application
  [1m[36mCourse Load (0.1ms)[0m  [1m[34mSELECT "courses".* FROM "courses"[0m
  ↳ app/views/courses/index.html.erb:14
  Rendered courses/index.html.erb within layouts/application (Duration: 1.1ms | Allocations: 1169)
[Webpacker] Everything's up-to-date. Nothing to do
Completed 200 OK in 4ms (Views: 3.3ms | ActiveRecord: 0.1ms | Allocations: 4687)


  [1m[36mCourse Load (0.1ms)[0m  [1m[34mSELECT "courses".* FROM "courses" WHERE "courses"."id" = ? LIMIT ?[0m  [["id", 3], ["LIMIT", 1]]
  [1m[35m (0.0ms)[0m  [1m[36mbegin transaction[0m
  [1m[36mCourse Destroy (0.3ms)[0m  [1m[31mDELETE FROM "courses" WHERE "courses"."id" = ?[0m  [["id", 3]]
  [1m[35m (2.7ms)[0m  [1m[36mcommit transaction[0m
Started GET "/courses" for ::1 at 2023-09-22 14:34:18 +0200
Processing by CoursesController#index as HTML
  Rendering courses/index.html.erb within layouts/application
  [1m[36mCourse Load (0.1ms)[0m  [1m[34mSELECT "courses".* FROM "courses"[0m
  ↳ app/views/courses/index.html.erb:14
  Rendered courses/index.html.erb within layouts/application (Duration: 0.8ms | Allocations: 993)
[Webpacker] Everything's up-to-date. Nothing to do
Completed 200 OK in 3ms (Views: 2.8ms | ActiveRecord: 0.1ms | Allocations: 4490)


  [1m[35m (0.2ms)[0m  [1m[34mSELECT sqlite_version(*)[0m
  [1m[35m (0.1ms)[0m  [1m[34mSELECT "schema_migrations"."version" FROM "schema_migrations" ORDER BY "schema_migrations"."version" ASC[0m
Migrating to AddDescriptionToCourses (20230922123709)
  [1m[35m (0.0ms)[0m  [1m[36mbegin transaction[0m
  [1m[35m (0.2ms)[0m  [1m[35mALTER TABLE "courses" ADD "description" text[0m
  [1m[36mActiveRecord::SchemaMigration Create (0.1ms)[0m  [1m[32mINSERT INTO "schema_migrations" ("version") VALUES (?)[0m  [["version", "20230922123709"]]
  [1m[35m (2.8ms)[0m  [1m[36mcommit transaction[0m
  [1m[36mActiveRecord::InternalMetadata Load (0.1ms)[0m  [1m[34mSELECT "ar_internal_metadata".* FROM "ar_internal_metadata" WHERE "ar_internal_metadata"."key" = ? LIMIT ?[0m  [["key", "environment"], ["LIMIT", 1]]
  [1m[35m (0.0ms)[0m  [1m[34mSELECT sqlite_version(*)[0m
  [1m[35m (0.0ms)[0m  [1m[34mSELECT "schema_migrations"."version" FROM "schema_migrations" ORDER BY "schema_migrations"."version" ASC[0m
  [1m[35m (0.2ms)[0m  [1m[34mSELECT sqlite_version(*)[0m
  [1m[36mCourse Load (0.1ms)[0m  [1m[34mSELECT "courses".* FROM "courses" LIMIT ?[0m  [["LIMIT", 11]]
  [1m[36mCourse Load (0.2ms)[0m  [1m[34mSELECT "courses".* FROM "courses" WHERE "courses"."id" = ? LIMIT ?[0m  [["id", 1], ["LIMIT", 1]]
  [1m[36mCourse Load (0.2ms)[0m  [1m[34mSELECT "courses".* FROM "courses" WHERE "courses"."id" = ? LIMIT ?[0m  [["id", 4], ["LIMIT", 1]]
  [1m[36mCourse Load (0.2ms)[0m  [1m[34mSELECT "courses".* FROM "courses" WHERE "courses"."id" = ? LIMIT ?[0m  [["id", 4], ["LIMIT", 1]]
  [1m[36mCourse Load (0.2ms)[0m  [1m[34mSELECT "courses".* FROM "courses" LIMIT ?[0m  [["LIMIT", 11]]
  [1m[36mCourse Load (0.1ms)[0m  [1m[34mSELECT "courses".* FROM "courses" WHERE "courses"."id" = ? LIMIT ?[0m  [["id", 1], ["LIMIT", 1]]
  [1m[35m (0.1ms)[0m  [1m[36mbegin transaction[0m
  [1m[36mCourse Update (0.7ms)[0m  [1m[33mUPDATE "courses" SET "updated_at" = ?, "description" = ? WHERE "courses"."id" = ?[0m  [["updated_at", "2023-09-22 12:40:52.488828"], ["description", "En este curso aprenderas las bases de Ruby hasta Rails"], ["id", 1]]
  [1m[35m (3.3ms)[0m  [1m[36mcommit transaction[0m
  [1m[36mCourse Load (0.3ms)[0m  [1m[34mSELECT "courses".* FROM "courses" WHERE "courses"."id" = ? LIMIT ?[0m  [["id", 4], ["LIMIT", 1]]
  [1m[35m (0.1ms)[0m  [1m[36mbegin transaction[0m
  [1m[36mCourse Update (0.6ms)[0m  [1m[33mUPDATE "courses" SET "updated_at" = ?, "description" = ? WHERE "courses"."id" = ?[0m  [["updated_at", "2023-09-22 12:41:08.271673"], ["description", "En este curso aprenderas las bases de Python hasta Django"], ["id", 4]]
  [1m[35m (3.7ms)[0m  [1m[36mcommit transaction[0m
  [1m[36mCourse Load (0.3ms)[0m  [1m[34mSELECT "courses".* FROM "courses" LIMIT ?[0m  [["LIMIT", 11]]
Started GET "/courses" for ::1 at 2023-09-22 14:41:30 +0200
  [1m[35m (0.2ms)[0m  [1m[34mSELECT sqlite_version(*)[0m
  [1m[35m (0.1ms)[0m  [1m[34mSELECT "schema_migrations"."version" FROM "schema_migrations" ORDER BY "schema_migrations"."version" ASC[0m
Processing by CoursesController#index as HTML
  Rendering courses/index.html.erb within layouts/application
  [1m[36mCourse Load (0.1ms)[0m  [1m[34mSELECT "courses".* FROM "courses"[0m
  ↳ app/views/courses/index.html.erb:14
  Rendered courses/index.html.erb within layouts/application (Duration: 3.7ms | Allocations: 4473)
[Webpacker] Everything's up-to-date. Nothing to do
Completed 200 OK in 12ms (Views: 8.5ms | ActiveRecord: 0.3ms | Allocations: 13064)


Started GET "/courses" for ::1 at 2023-09-22 14:41:55 +0200
Processing by CoursesController#index as HTML
  Rendering courses/index.html.erb within layouts/application
  [1m[36mCourse Load (0.1ms)[0m  [1m[34mSELECT "courses".* FROM "courses"[0m
  ↳ app/views/courses/index.html.erb:14
  Rendered courses/index.html.erb within layouts/application (Duration: 1.1ms | Allocations: 1250)
[Webpacker] Everything's up-to-date. Nothing to do
Completed 200 OK in 5ms (Views: 3.8ms | ActiveRecord: 0.1ms | Allocations: 5714)


Started GET "/courses" for ::1 at 2023-09-22 14:42:16 +0200
Processing by CoursesController#index as HTML
  Rendering courses/index.html.erb within layouts/application
  [1m[36mCourse Load (0.2ms)[0m  [1m[34mSELECT "courses".* FROM "courses"[0m
  ↳ app/views/courses/index.html.erb:15
  Rendered courses/index.html.erb within layouts/application (Duration: 3.2ms | Allocations: 1248)
[Webpacker] Everything's up-to-date. Nothing to do
Completed 200 OK in 10ms (Views: 7.9ms | ActiveRecord: 0.2ms | Allocations: 5673)


Started GET "/courses" for ::1 at 2023-09-22 14:42:21 +0200
Processing by CoursesController#index as HTML
  Rendering courses/index.html.erb within layouts/application
  [1m[36mCourse Load (0.1ms)[0m  [1m[34mSELECT "courses".* FROM "courses"[0m
  ↳ app/views/courses/index.html.erb:15
  Rendered courses/index.html.erb within layouts/application (Duration: 1.0ms | Allocations: 1239)
[Webpacker] Everything's up-to-date. Nothing to do
Completed 200 OK in 4ms (Views: 3.6ms | ActiveRecord: 0.1ms | Allocations: 5654)


Started GET "/courses" for ::1 at 2023-09-22 14:42:34 +0200
Processing by CoursesController#index as HTML
  Rendering courses/index.html.erb within layouts/application
  [1m[36mCourse Load (0.1ms)[0m  [1m[34mSELECT "courses".* FROM "courses"[0m
  ↳ app/views/courses/index.html.erb:15
  Rendered courses/index.html.erb within layouts/application (Duration: 1.2ms | Allocations: 1248)
[Webpacker] Everything's up-to-date. Nothing to do
Completed 200 OK in 5ms (Views: 4.0ms | ActiveRecord: 0.1ms | Allocations: 5671)


Started GET "/courses" for ::1 at 2023-09-22 14:43:18 +0200
Processing by CoursesController#index as HTML
  Rendering courses/index.html.erb within layouts/application
  [1m[36mCourse Load (0.1ms)[0m  [1m[34mSELECT "courses".* FROM "courses"[0m
  ↳ app/views/courses/index.html.erb:15
  Rendered courses/index.html.erb within layouts/application (Duration: 2.8ms | Allocations: 1239)
[Webpacker] Everything's up-to-date. Nothing to do
Completed 200 OK in 9ms (Views: 8.1ms | ActiveRecord: 0.1ms | Allocations: 5669)


Started GET "/courses/1" for ::1 at 2023-09-22 14:43:30 +0200
Processing by CoursesController#show as HTML
  Parameters: {"id"=>"1"}
  [1m[36mCourse Load (0.1ms)[0m  [1m[34mSELECT "courses".* FROM "courses" WHERE "courses"."id" = ? LIMIT ?[0m  [["id", 1], ["LIMIT", 1]]
  ↳ app/controllers/courses_controller.rb:63:in `set_course'
  Rendering courses/show.html.erb within layouts/application
  Rendered courses/show.html.erb within layouts/application (Duration: 0.3ms | Allocations: 244)
[Webpacker] Everything's up-to-date. Nothing to do
Completed 200 OK in 8ms (Views: 2.8ms | ActiveRecord: 0.1ms | Allocations: 6404)


Started GET "/courses/1" for ::1 at 2023-09-22 14:43:50 +0200
Processing by CoursesController#show as HTML
  Parameters: {"id"=>"1"}
  [1m[36mCourse Load (0.3ms)[0m  [1m[34mSELECT "courses".* FROM "courses" WHERE "courses"."id" = ? LIMIT ?[0m  [["id", 1], ["LIMIT", 1]]
  ↳ app/controllers/courses_controller.rb:63:in `set_course'
  Rendering courses/show.html.erb within layouts/application
  Rendered courses/show.html.erb within layouts/application (Duration: 0.7ms | Allocations: 267)
[Webpacker] Everything's up-to-date. Nothing to do
Completed 200 OK in 10ms (Views: 6.1ms | ActiveRecord: 0.3ms | Allocations: 5242)


Started GET "/courses" for ::1 at 2023-09-22 14:43:56 +0200
Processing by CoursesController#index as HTML
  Rendering courses/index.html.erb within layouts/application
  [1m[36mCourse Load (0.2ms)[0m  [1m[34mSELECT "courses".* FROM "courses"[0m
  ↳ app/views/courses/index.html.erb:15
  Rendered courses/index.html.erb within layouts/application (Duration: 3.7ms | Allocations: 1247)
[Webpacker] Everything's up-to-date. Nothing to do
Completed 200 OK in 9ms (Views: 7.2ms | ActiveRecord: 0.2ms | Allocations: 4895)


Started GET "/courses/new" for ::1 at 2023-09-22 14:43:58 +0200
Processing by CoursesController#new as HTML
  Rendering courses/new.html.erb within layouts/application
  Rendered courses/_form.html.erb (Duration: 1.9ms | Allocations: 2503)
  Rendered courses/new.html.erb within layouts/application (Duration: 2.4ms | Allocations: 2848)
[Webpacker] Everything's up-to-date. Nothing to do
Completed 200 OK in 5ms (Views: 4.9ms | ActiveRecord: 0.0ms | Allocations: 6492)


Started GET "/courses" for ::1 at 2023-09-22 14:44:00 +0200
Processing by CoursesController#index as HTML
  Rendering courses/index.html.erb within layouts/application
  [1m[36mCourse Load (0.1ms)[0m  [1m[34mSELECT "courses".* FROM "courses"[0m
  ↳ app/views/courses/index.html.erb:15
  Rendered courses/index.html.erb within layouts/application (Duration: 1.7ms | Allocations: 999)
[Webpacker] Everything's up-to-date. Nothing to do
Completed 200 OK in 5ms (Views: 4.0ms | ActiveRecord: 0.1ms | Allocations: 4484)


Started GET "/courses/4/edit" for ::1 at 2023-09-22 14:44:02 +0200
Processing by CoursesController#edit as HTML
  Parameters: {"id"=>"4"}
  [1m[36mCourse Load (0.1ms)[0m  [1m[34mSELECT "courses".* FROM "courses" WHERE "courses"."id" = ? LIMIT ?[0m  [["id", 4], ["LIMIT", 1]]
  ↳ app/controllers/courses_controller.rb:63:in `set_course'
  Rendering courses/edit.html.erb within layouts/application
  Rendered courses/_form.html.erb (Duration: 0.7ms | Allocations: 718)
  Rendered courses/edit.html.erb within layouts/application (Duration: 1.4ms | Allocations: 974)
[Webpacker] Everything's up-to-date. Nothing to do
Completed 200 OK in 7ms (Views: 3.6ms | ActiveRecord: 0.1ms | Allocations: 5133)


Started GET "/courses/4" for ::1 at 2023-09-22 14:44:04 +0200
Processing by CoursesController#show as HTML
  Parameters: {"id"=>"4"}
  [1m[36mCourse Load (0.2ms)[0m  [1m[34mSELECT "courses".* FROM "courses" WHERE "courses"."id" = ? LIMIT ?[0m  [["id", 4], ["LIMIT", 1]]
  ↳ app/controllers/courses_controller.rb:63:in `set_course'
  Rendering courses/show.html.erb within layouts/application
  Rendered courses/show.html.erb within layouts/application (Duration: 0.3ms | Allocations: 101)
[Webpacker] Everything's up-to-date. Nothing to do
Completed 200 OK in 7ms (Views: 5.0ms | ActiveRecord: 0.2ms | Allocations: 4122)


Started GET "/courses" for ::1 at 2023-09-22 14:44:04 +0200
Processing by CoursesController#index as HTML
  Rendering courses/index.html.erb within layouts/application
  [1m[36mCourse Load (0.1ms)[0m  [1m[34mSELECT "courses".* FROM "courses"[0m
  ↳ app/views/courses/index.html.erb:15
  Rendered courses/index.html.erb within layouts/application (Duration: 1.8ms | Allocations: 995)
[Webpacker] Everything's up-to-date. Nothing to do
Completed 200 OK in 6ms (Views: 5.1ms | ActiveRecord: 0.1ms | Allocations: 4486)


Started GET "/courses" for ::1 at 2023-09-22 14:44:27 +0200
Processing by CoursesController#index as HTML
  Rendering courses/index.html.erb within layouts/application
  [1m[36mCourse Load (0.1ms)[0m  [1m[34mSELECT "courses".* FROM "courses"[0m
  ↳ app/views/courses/index.html.erb:15
  Rendered courses/index.html.erb within layouts/application (Duration: 1.1ms | Allocations: 1241)
[Webpacker] Everything's up-to-date. Nothing to do
Completed 200 OK in 4ms (Views: 3.8ms | ActiveRecord: 0.1ms | Allocations: 5672)


Started GET "/courses/4/edit" for ::1 at 2023-09-22 14:44:28 +0200
Processing by CoursesController#edit as HTML
  Parameters: {"id"=>"4"}
  [1m[36mCourse Load (0.1ms)[0m  [1m[34mSELECT "courses".* FROM "courses" WHERE "courses"."id" = ? LIMIT ?[0m  [["id", 4], ["LIMIT", 1]]
  ↳ app/controllers/courses_controller.rb:63:in `set_course'
  Rendering courses/edit.html.erb within layouts/application
  Rendered courses/_form.html.erb (Duration: 0.8ms | Allocations: 1264)
  Rendered courses/edit.html.erb within layouts/application (Duration: 1.3ms | Allocations: 1660)
[Webpacker] Everything's up-to-date. Nothing to do
Completed 200 OK in 4ms (Views: 3.2ms | ActiveRecord: 0.1ms | Allocations: 5834)


Started GET "/courses" for ::1 at 2023-09-22 14:44:30 +0200
Processing by CoursesController#index as HTML
  Rendering courses/index.html.erb within layouts/application
  [1m[36mCourse Load (0.1ms)[0m  [1m[34mSELECT "courses".* FROM "courses"[0m
  ↳ app/views/courses/index.html.erb:15
  Rendered courses/index.html.erb within layouts/application (Duration: 1.2ms | Allocations: 997)
[Webpacker] Everything's up-to-date. Nothing to do
Completed 200 OK in 4ms (Views: 3.1ms | ActiveRecord: 0.1ms | Allocations: 4495)


Started GET "/courses/4/edit" for ::1 at 2023-09-22 14:44:31 +0200
Processing by CoursesController#edit as HTML
  Parameters: {"id"=>"4"}
  [1m[36mCourse Load (0.1ms)[0m  [1m[34mSELECT "courses".* FROM "courses" WHERE "courses"."id" = ? LIMIT ?[0m  [["id", 4], ["LIMIT", 1]]
  ↳ app/controllers/courses_controller.rb:63:in `set_course'
  Rendering courses/edit.html.erb within layouts/application
  Rendered courses/_form.html.erb (Duration: 0.7ms | Allocations: 931)
  Rendered courses/edit.html.erb within layouts/application (Duration: 0.9ms | Allocations: 1061)
[Webpacker] Everything's up-to-date. Nothing to do
Completed 200 OK in 4ms (Views: 2.8ms | ActiveRecord: 0.1ms | Allocations: 5097)


Started GET "/courses/4/edit" for ::1 at 2023-09-22 14:44:41 +0200
Processing by CoursesController#edit as HTML
  Parameters: {"id"=>"4"}
  [1m[36mCourse Load (0.1ms)[0m  [1m[34mSELECT "courses".* FROM "courses" WHERE "courses"."id" = ? LIMIT ?[0m  [["id", 4], ["LIMIT", 1]]
  ↳ app/controllers/courses_controller.rb:63:in `set_course'
  Rendering courses/edit.html.erb within layouts/application
  Rendered courses/_form.html.erb (Duration: 5.7ms | Allocations: 3419)
  Rendered courses/edit.html.erb within layouts/application (Duration: 6.8ms | Allocations: 3814)
[Webpacker] Everything's up-to-date. Nothing to do
Completed 200 OK in 13ms (Views: 10.4ms | ActiveRecord: 0.1ms | Allocations: 8665)


Started GET "/courses" for ::1 at 2023-09-22 14:44:45 +0200
Processing by CoursesController#index as HTML
  Rendering courses/index.html.erb within layouts/application
  [1m[36mCourse Load (0.1ms)[0m  [1m[34mSELECT "courses".* FROM "courses"[0m
  ↳ app/views/courses/index.html.erb:15
  Rendered courses/index.html.erb within layouts/application (Duration: 1.1ms | Allocations: 1238)
[Webpacker] Everything's up-to-date. Nothing to do
Completed 200 OK in 4ms (Views: 3.7ms | ActiveRecord: 0.1ms | Allocations: 4873)


Started GET "/courses/4/edit" for ::1 at 2023-09-22 14:44:49 +0200
Processing by CoursesController#edit as HTML
  Parameters: {"id"=>"4"}
  [1m[36mCourse Load (0.1ms)[0m  [1m[34mSELECT "courses".* FROM "courses" WHERE "courses"."id" = ? LIMIT ?[0m  [["id", 4], ["LIMIT", 1]]
  ↳ app/controllers/courses_controller.rb:63:in `set_course'
  Rendering courses/edit.html.erb within layouts/application
  Rendered courses/_form.html.erb (Duration: 0.8ms | Allocations: 913)
  Rendered courses/edit.html.erb within layouts/application (Duration: 0.9ms | Allocations: 1044)
[Webpacker] Everything's up-to-date. Nothing to do
Completed 200 OK in 4ms (Views: 3.0ms | ActiveRecord: 0.1ms | Allocations: 5075)


Started PATCH "/courses/4" for ::1 at 2023-09-22 14:44:54 +0200
Processing by CoursesController#update as HTML
  Parameters: {"authenticity_token"=>"C21K1aWlK1lrq6fP7wfxgE14TScSin0f9KBPFuOuEm47alGrhMQPphch8PRbozGKAkY5SAk7tM/KpK1npcrznw==", "course"=>{"title"=>"Curso de Python", "description"=>"En este curso aprenderas las bases de Python hasta Django v2"}, "commit"=>"Update Course", "id"=>"4"}
  [1m[36mCourse Load (0.1ms)[0m  [1m[34mSELECT "courses".* FROM "courses" WHERE "courses"."id" = ? LIMIT ?[0m  [["id", 4], ["LIMIT", 1]]
  ↳ app/controllers/courses_controller.rb:63:in `set_course'
[31mUnpermitted parameter: :description[0m
Redirected to http://localhost:3000/courses/4
Completed 302 Found in 3ms (ActiveRecord: 0.1ms | Allocations: 1313)


Started GET "/courses/4" for ::1 at 2023-09-22 14:44:54 +0200
Processing by CoursesController#show as HTML
  Parameters: {"id"=>"4"}
  [1m[36mCourse Load (0.0ms)[0m  [1m[34mSELECT "courses".* FROM "courses" WHERE "courses"."id" = ? LIMIT ?[0m  [["id", 4], ["LIMIT", 1]]
  ↳ app/controllers/courses_controller.rb:63:in `set_course'
  Rendering courses/show.html.erb within layouts/application
  Rendered courses/show.html.erb within layouts/application (Duration: 0.5ms | Allocations: 265)
[Webpacker] Everything's up-to-date. Nothing to do
Completed 200 OK in 4ms (Views: 2.7ms | ActiveRecord: 0.0ms | Allocations: 4467)


Started GET "/courses" for ::1 at 2023-09-22 14:44:57 +0200
Processing by CoursesController#index as HTML
  Rendering courses/index.html.erb within layouts/application
  [1m[36mCourse Load (0.1ms)[0m  [1m[34mSELECT "courses".* FROM "courses"[0m
  ↳ app/views/courses/index.html.erb:15
  Rendered courses/index.html.erb within layouts/application (Duration: 1.0ms | Allocations: 997)
[Webpacker] Everything's up-to-date. Nothing to do
Completed 200 OK in 3ms (Views: 3.0ms | ActiveRecord: 0.1ms | Allocations: 4505)


Started GET "/courses/4/edit" for ::1 at 2023-09-22 14:45:12 +0200
Processing by CoursesController#edit as HTML
  Parameters: {"id"=>"4"}
  [1m[36mCourse Load (0.2ms)[0m  [1m[34mSELECT "courses".* FROM "courses" WHERE "courses"."id" = ? LIMIT ?[0m  [["id", 4], ["LIMIT", 1]]
  ↳ app/controllers/courses_controller.rb:63:in `set_course'
  Rendering courses/edit.html.erb within layouts/application
  Rendered courses/_form.html.erb (Duration: 1.6ms | Allocations: 1231)
  Rendered courses/edit.html.erb within layouts/application (Duration: 2.2ms | Allocations: 1627)
[Webpacker] Everything's up-to-date. Nothing to do
Completed 200 OK in 8ms (Views: 6.0ms | ActiveRecord: 0.2ms | Allocations: 6589)


Started PATCH "/courses/4" for ::1 at 2023-09-22 14:45:17 +0200
Processing by CoursesController#update as HTML
  Parameters: {"authenticity_token"=>"iK7xehNKztl6CmWlh4QX1cMWK9lEBZTgC6fc3it/ZpG4qeoEMivqJgaAMp4zINffjChftl+0XTA1oz6vbRuHYA==", "course"=>{"title"=>"Curso de Python", "description"=>"En este curso aprenderas las bases de Python hasta Django v2"}, "commit"=>"Update Course", "id"=>"4"}
  [1m[36mCourse Load (0.1ms)[0m  [1m[34mSELECT "courses".* FROM "courses" WHERE "courses"."id" = ? LIMIT ?[0m  [["id", 4], ["LIMIT", 1]]
  ↳ app/controllers/courses_controller.rb:63:in `set_course'
[31mUnpermitted parameter: :description[0m
Redirected to http://localhost:3000/courses/4
Completed 302 Found in 2ms (ActiveRecord: 0.1ms | Allocations: 1168)


Started GET "/courses/4" for ::1 at 2023-09-22 14:45:17 +0200
Processing by CoursesController#show as HTML
  Parameters: {"id"=>"4"}
  [1m[36mCourse Load (0.1ms)[0m  [1m[34mSELECT "courses".* FROM "courses" WHERE "courses"."id" = ? LIMIT ?[0m  [["id", 4], ["LIMIT", 1]]
  ↳ app/controllers/courses_controller.rb:63:in `set_course'
  Rendering courses/show.html.erb within layouts/application
  Rendered courses/show.html.erb within layouts/application (Duration: 0.3ms | Allocations: 262)
[Webpacker] Everything's up-to-date. Nothing to do
Completed 200 OK in 3ms (Views: 2.5ms | ActiveRecord: 0.1ms | Allocations: 4440)


Started GET "/courses" for ::1 at 2023-09-22 14:45:20 +0200
Processing by CoursesController#index as HTML
  Rendering courses/index.html.erb within layouts/application
  [1m[36mCourse Load (0.1ms)[0m  [1m[34mSELECT "courses".* FROM "courses"[0m
  ↳ app/views/courses/index.html.erb:15
  Rendered courses/index.html.erb within layouts/application (Duration: 1.4ms | Allocations: 1238)
[Webpacker] Everything's up-to-date. Nothing to do
Completed 200 OK in 5ms (Views: 3.5ms | ActiveRecord: 0.1ms | Allocations: 4882)


Started GET "/courses/4/edit" for ::1 at 2023-09-22 14:45:37 +0200
  [1m[35m (0.0ms)[0m  [1m[34mSELECT sqlite_version(*)[0m
Processing by CoursesController#edit as HTML
  Parameters: {"id"=>"4"}
  [1m[36mCourse Load (0.1ms)[0m  [1m[34mSELECT "courses".* FROM "courses" WHERE "courses"."id" = ? LIMIT ?[0m  [["id", 4], ["LIMIT", 1]]
  ↳ app/controllers/courses_controller.rb:63:in `set_course'
  Rendering courses/edit.html.erb within layouts/application
  Rendered courses/_form.html.erb (Duration: 0.7ms | Allocations: 992)
  Rendered courses/edit.html.erb within layouts/application (Duration: 0.9ms | Allocations: 1125)
[Webpacker] Everything's up-to-date. Nothing to do
Completed 200 OK in 7ms (Views: 3.4ms | ActiveRecord: 0.3ms | Allocations: 8611)


Started PATCH "/courses/4" for ::1 at 2023-09-22 14:45:42 +0200
Processing by CoursesController#update as HTML
  Parameters: {"authenticity_token"=>"idSctVBFadoLkFD2bYveCYGAZOsbO4lZA31EtGu81IW504fLcSRNJXcaB83ZLx4Dzr4QhACKQIk9eabFLdg1dA==", "course"=>{"title"=>"Curso de Python", "description"=>"En este curso aprenderas las bases de Python hasta Django v2"}, "commit"=>"Update Course", "id"=>"4"}
  [1m[36mCourse Load (0.1ms)[0m  [1m[34mSELECT "courses".* FROM "courses" WHERE "courses"."id" = ? LIMIT ?[0m  [["id", 4], ["LIMIT", 1]]
  ↳ app/controllers/courses_controller.rb:63:in `set_course'
  [1m[35m (0.0ms)[0m  [1m[36mbegin transaction[0m
  ↳ app/controllers/courses_controller.rb:40:in `block in update'
  [1m[36mCourse Update (0.3ms)[0m  [1m[33mUPDATE "courses" SET "description" = ?, "updated_at" = ? WHERE "courses"."id" = ?[0m  [["description", "En este curso aprenderas las bases de Python hasta Django v2"], ["updated_at", "2023-09-22 12:45:42.338225"], ["id", 4]]
  ↳ app/controllers/courses_controller.rb:40:in `block in update'
  [1m[35m (2.6ms)[0m  [1m[36mcommit transaction[0m
  ↳ app/controllers/courses_controller.rb:40:in `block in update'
Redirected to http://localhost:3000/courses/4
Completed 302 Found in 7ms (ActiveRecord: 3.0ms | Allocations: 5623)


Started GET "/courses/4" for ::1 at 2023-09-22 14:45:42 +0200
Processing by CoursesController#show as HTML
  Parameters: {"id"=>"4"}
  [1m[36mCourse Load (0.1ms)[0m  [1m[34mSELECT "courses".* FROM "courses" WHERE "courses"."id" = ? LIMIT ?[0m  [["id", 4], ["LIMIT", 1]]
  ↳ app/controllers/courses_controller.rb:63:in `set_course'
  Rendering courses/show.html.erb within layouts/application
  Rendered courses/show.html.erb within layouts/application (Duration: 0.1ms | Allocations: 104)
[Webpacker] Everything's up-to-date. Nothing to do
Completed 200 OK in 3ms (Views: 2.2ms | ActiveRecord: 0.1ms | Allocations: 4146)


Started GET "/courses/4/edit" for ::1 at 2023-09-22 14:45:46 +0200
Processing by CoursesController#edit as HTML
  Parameters: {"id"=>"4"}
  [1m[36mCourse Load (0.1ms)[0m  [1m[34mSELECT "courses".* FROM "courses" WHERE "courses"."id" = ? LIMIT ?[0m  [["id", 4], ["LIMIT", 1]]
  ↳ app/controllers/courses_controller.rb:63:in `set_course'
  Rendering courses/edit.html.erb within layouts/application
  Rendered courses/_form.html.erb (Duration: 0.7ms | Allocations: 930)
  Rendered courses/edit.html.erb within layouts/application (Duration: 0.8ms | Allocations: 1060)
[Webpacker] Everything's up-to-date. Nothing to do
Completed 200 OK in 4ms (Views: 3.1ms | ActiveRecord: 0.1ms | Allocations: 5075)


Started GET "/courses/4/edit" for ::1 at 2023-09-22 14:45:55 +0200
Processing by CoursesController#edit as HTML
  Parameters: {"id"=>"4"}
  [1m[36mCourse Load (0.1ms)[0m  [1m[34mSELECT "courses".* FROM "courses" WHERE "courses"."id" = ? LIMIT ?[0m  [["id", 4], ["LIMIT", 1]]
  ↳ app/controllers/courses_controller.rb:63:in `set_course'
  Rendering courses/edit.html.erb within layouts/application
  Rendered courses/_form.html.erb (Duration: 0.9ms | Allocations: 1212)
  Rendered courses/edit.html.erb within layouts/application (Duration: 1.4ms | Allocations: 1610)
[Webpacker] Everything's up-to-date. Nothing to do
Completed 200 OK in 7ms (Views: 6.1ms | ActiveRecord: 0.1ms | Allocations: 6563)


Started PATCH "/courses/4" for ::1 at 2023-09-22 14:45:59 +0200
Processing by CoursesController#update as HTML
  Parameters: {"authenticity_token"=>"mGoob7YlVT0GqNartjBfQKwwxOK/pBezPiebV2KMOYIf33VdeheR15dYULmN3KFgFobDMdj1sCJc1wHgDRWt+A==", "course"=>{"title"=>"Curso de Python", "description"=>"En este curso aprenderas las bases de Python hasta Django"}, "commit"=>"Update Course", "id"=>"4"}
  [1m[36mCourse Load (0.1ms)[0m  [1m[34mSELECT "courses".* FROM "courses" WHERE "courses"."id" = ? LIMIT ?[0m  [["id", 4], ["LIMIT", 1]]
  ↳ app/controllers/courses_controller.rb:63:in `set_course'
  [1m[35m (0.0ms)[0m  [1m[36mbegin transaction[0m
  ↳ app/controllers/courses_controller.rb:40:in `block in update'
  [1m[36mCourse Update (0.2ms)[0m  [1m[33mUPDATE "courses" SET "description" = ?, "updated_at" = ? WHERE "courses"."id" = ?[0m  [["description", "En este curso aprenderas las bases de Python hasta Django"], ["updated_at", "2023-09-22 12:45:59.321811"], ["id", 4]]
  ↳ app/controllers/courses_controller.rb:40:in `block in update'
  [1m[35m (4.7ms)[0m  [1m[36mcommit transaction[0m
  ↳ app/controllers/courses_controller.rb:40:in `block in update'
Redirected to http://localhost:3000/courses/4
Completed 302 Found in 11ms (ActiveRecord: 5.0ms | Allocations: 5531)


Started GET "/courses/4" for ::1 at 2023-09-22 14:45:59 +0200
Processing by CoursesController#show as HTML
  Parameters: {"id"=>"4"}
  [1m[36mCourse Load (0.1ms)[0m  [1m[34mSELECT "courses".* FROM "courses" WHERE "courses"."id" = ? LIMIT ?[0m  [["id", 4], ["LIMIT", 1]]
  ↳ app/controllers/courses_controller.rb:63:in `set_course'
  Rendering courses/show.html.erb within layouts/application
  Rendered courses/show.html.erb within layouts/application (Duration: 0.4ms | Allocations: 264)
[Webpacker] Everything's up-to-date. Nothing to do
Completed 200 OK in 4ms (Views: 2.6ms | ActiveRecord: 0.1ms | Allocations: 4446)


Started GET "/courses" for ::1 at 2023-09-22 14:46:00 +0200
Processing by CoursesController#index as HTML
  Rendering courses/index.html.erb within layouts/application
  [1m[36mCourse Load (0.1ms)[0m  [1m[34mSELECT "courses".* FROM "courses"[0m
  ↳ app/views/courses/index.html.erb:15
  Rendered courses/index.html.erb within layouts/application (Duration: 1.4ms | Allocations: 1265)
[Webpacker] Everything's up-to-date. Nothing to do
Completed 200 OK in 4ms (Views: 3.6ms | ActiveRecord: 0.1ms | Allocations: 4905)


Started GET "/courses/4" for ::1 at 2023-09-22 14:46:01 +0200
Processing by CoursesController#show as HTML
  Parameters: {"id"=>"4"}
  [1m[36mCourse Load (0.1ms)[0m  [1m[34mSELECT "courses".* FROM "courses" WHERE "courses"."id" = ? LIMIT ?[0m  [["id", 4], ["LIMIT", 1]]
  ↳ app/controllers/courses_controller.rb:63:in `set_course'
  Rendering courses/show.html.erb within layouts/application
  Rendered courses/show.html.erb within layouts/application (Duration: 0.3ms | Allocations: 100)
[Webpacker] Everything's up-to-date. Nothing to do
Completed 200 OK in 12ms (Views: 7.0ms | ActiveRecord: 0.1ms | Allocations: 4127)


Started GET "/courses" for ::1 at 2023-09-22 14:46:03 +0200
Processing by CoursesController#index as HTML
  Rendering courses/index.html.erb within layouts/application
  [1m[36mCourse Load (0.1ms)[0m  [1m[34mSELECT "courses".* FROM "courses"[0m
  ↳ app/views/courses/index.html.erb:15
  Rendered courses/index.html.erb within layouts/application (Duration: 2.0ms | Allocations: 994)
[Webpacker] Everything's up-to-date. Nothing to do
Completed 200 OK in 8ms (Views: 7.4ms | ActiveRecord: 0.1ms | Allocations: 4485)


Started GET "/courses/new" for ::1 at 2023-09-22 14:47:19 +0200
Processing by CoursesController#new as HTML
  Rendering courses/new.html.erb within layouts/application
  Rendered courses/_form.html.erb (Duration: 1.8ms | Allocations: 845)
  Rendered courses/new.html.erb within layouts/application (Duration: 3.1ms | Allocations: 1043)
[Webpacker] Everything's up-to-date. Nothing to do
Completed 200 OK in 13ms (Views: 10.5ms | ActiveRecord: 0.0ms | Allocations: 4679)


Started POST "/courses" for ::1 at 2023-09-22 14:47:30 +0200
Processing by CoursesController#create as HTML
  Parameters: {"authenticity_token"=>"PftCcdEqSIy5htPr5JvVdrdxyxAQtK82oBiBCMxaVfciyYU8gL23DTD3Uw8FYVELYMJDQ8kP5BCg7DPLMomvfg==", "course"=>{"title"=>"Curso de prueba", "description"=>"Curso de prueba para probar"}, "commit"=>"Create Course"}
  [1m[35m (0.0ms)[0m  [1m[36mbegin transaction[0m
  ↳ app/controllers/courses_controller.rb:27:in `block in create'
  [1m[36mCourse Create (0.1ms)[0m  [1m[32mINSERT INTO "courses" ("title", "created_at", "updated_at", "description") VALUES (?, ?, ?, ?)[0m  [["title", "Curso de prueba"], ["created_at", "2023-09-22 12:47:30.255947"], ["updated_at", "2023-09-22 12:47:30.255947"], ["description", "Curso de prueba para probar"]]
  ↳ app/controllers/courses_controller.rb:27:in `block in create'
  [1m[35m (5.4ms)[0m  [1m[36mcommit transaction[0m
  ↳ app/controllers/courses_controller.rb:27:in `block in create'
Redirected to http://localhost:3000/courses/5
Completed 302 Found in 16ms (ActiveRecord: 5.6ms | Allocations: 4951)


Started GET "/courses/5" for ::1 at 2023-09-22 14:47:30 +0200
Processing by CoursesController#show as HTML
  Parameters: {"id"=>"5"}
  [1m[36mCourse Load (0.1ms)[0m  [1m[34mSELECT "courses".* FROM "courses" WHERE "courses"."id" = ? LIMIT ?[0m  [["id", 5], ["LIMIT", 1]]
  ↳ app/controllers/courses_controller.rb:63:in `set_course'
  Rendering courses/show.html.erb within layouts/application
  Rendered courses/show.html.erb within layouts/application (Duration: 0.2ms | Allocations: 103)
[Webpacker] Everything's up-to-date. Nothing to do
Completed 200 OK in 4ms (Views: 2.8ms | ActiveRecord: 0.1ms | Allocations: 4155)


Started GET "/courses" for ::1 at 2023-09-22 14:47:32 +0200
Processing by CoursesController#index as HTML
  Rendering courses/index.html.erb within layouts/application
  [1m[36mCourse Load (0.1ms)[0m  [1m[34mSELECT "courses".* FROM "courses"[0m
  ↳ app/views/courses/index.html.erb:15
  Rendered courses/index.html.erb within layouts/application (Duration: 1.4ms | Allocations: 1169)
[Webpacker] Everything's up-to-date. Nothing to do
Completed 200 OK in 4ms (Views: 3.6ms | ActiveRecord: 0.1ms | Allocations: 4650)


Started DELETE "/courses/5" for ::1 at 2023-09-22 14:47:35 +0200
Processing by CoursesController#destroy as HTML
  Parameters: {"authenticity_token"=>"mLIPu6kjaEYWkeuID+AXUzw407tTXdCgfzYy8VbPAOMfB1KJZRGsrIdhbZo0DOlzho7UaDQMdzEdxqhGOVaUmQ==", "id"=>"5"}
  [1m[36mCourse Load (0.1ms)[0m  [1m[34mSELECT "courses".* FROM "courses" WHERE "courses"."id" = ? LIMIT ?[0m  [["id", 5], ["LIMIT", 1]]
  ↳ app/controllers/courses_controller.rb:63:in `set_course'
  [1m[35m (0.0ms)[0m  [1m[36mbegin transaction[0m
  ↳ app/controllers/courses_controller.rb:52:in `destroy'
  [1m[36mCourse Destroy (0.2ms)[0m  [1m[31mDELETE FROM "courses" WHERE "courses"."id" = ?[0m  [["id", 5]]
  ↳ app/controllers/courses_controller.rb:52:in `destroy'
  [1m[35m (2.6ms)[0m  [1m[36mcommit transaction[0m
  ↳ app/controllers/courses_controller.rb:52:in `destroy'
Redirected to http://localhost:3000/courses
Completed 302 Found in 6ms (ActiveRecord: 2.8ms | Allocations: 4991)


Started GET "/courses" for ::1 at 2023-09-22 14:47:35 +0200
Processing by CoursesController#index as HTML
  Rendering courses/index.html.erb within layouts/application
  [1m[36mCourse Load (0.1ms)[0m  [1m[34mSELECT "courses".* FROM "courses"[0m
  ↳ app/views/courses/index.html.erb:15
  Rendered courses/index.html.erb within layouts/application (Duration: 0.8ms | Allocations: 996)
[Webpacker] Everything's up-to-date. Nothing to do
Completed 200 OK in 3ms (Views: 2.8ms | ActiveRecord: 0.1ms | Allocations: 4497)


Started GET "/courses" for ::1 at 2023-09-22 14:47:37 +0200
Processing by CoursesController#index as HTML
  Rendering courses/index.html.erb within layouts/application
  [1m[36mCourse Load (0.2ms)[0m  [1m[34mSELECT "courses".* FROM "courses"[0m
  ↳ app/views/courses/index.html.erb:15
  Rendered courses/index.html.erb within layouts/application (Duration: 3.2ms | Allocations: 994)
[Webpacker] Everything's up-to-date. Nothing to do
Completed 200 OK in 11ms (Views: 9.3ms | ActiveRecord: 0.2ms | Allocations: 4492)


